                                 Started job on |	May 25 02:31:06
                             Started mapping on |	May 25 02:33:07
                                    Finished on |	May 25 02:33:17
       Mapping speed, Million of reads per hour |	32.11

                          Number of input reads |	89189
                      Average input read length |	206
                                    UNIQUE READS:
                   Uniquely mapped reads number |	52129
                        Uniquely mapped reads % |	58.45%
                          Average mapped length |	149.70
                       Number of splices: Total |	50064
            Number of splices: Annotated (sjdb) |	49683
                       Number of splices: GT/AG |	49776
                       Number of splices: GC/AG |	231
                       Number of splices: AT/AC |	43
               Number of splices: Non-canonical |	14
                      Mismatch rate per base, % |	0.26%
                         Deletion rate per base |	0.00%
                        Deletion average length |	1.08
                        Insertion rate per base |	0.00%
                       Insertion average length |	1.00
                             MULTI-MAPPING READS:
        Number of reads mapped to multiple loci |	3300
             % of reads mapped to multiple loci |	3.70%
        Number of reads mapped to too many loci |	16
             % of reads mapped to too many loci |	0.02%
                                  UNMAPPED READS:
  Number of reads unmapped: too many mismatches |	0
       % of reads unmapped: too many mismatches |	0.00%
            Number of reads unmapped: too short |	33727
                 % of reads unmapped: too short |	37.82%
                Number of reads unmapped: other |	17
                     % of reads unmapped: other |	0.02%
                                  CHIMERIC READS:
                       Number of chimeric reads |	0
                            % of chimeric reads |	0.00%
